<?xml version="1.0" encoding="UTF-8"?>
<testsuite name="Calculadora Rest" tests="1" skipped="1" failures="0" errors="0" timestamp="2021-07-28T18:51:17" hostname="DESKTOP-U0L6TMQ" time="0.02">
  <properties/>
  <testcase name="Envio De Suma Exitosa" classname="Calculadora Rest" time="0.02">
    <skipped/>
  </testcase>
  <system-out><![CDATA[]]></system-out>
  <system-err><![CDATA[[Test worker] INFO net.thucydides.core.steps.ConsoleLoggingListener - TEST PENDING
[Test worker] INFO net.thucydides.core.steps.ConsoleLoggingListener - 
          __  _____ _____ ____ _____   ____  _____ _   _ ____ ___ _   _  ____ 
 _       / / |_   _| ____/ ___|_   _| |  _ \| ____| \ | |  _ \_ _| \ | |/ ___|
(_)____ / /    | | |  _| \___ \ | |   | |_) |  _| |  \| | | | | ||  \| | |  _ 
 |_____/ /     | | | |___ ___) || |   |  __/| |___| |\  | |_| | || |\  | |_| |
(_)   /_/      |_| |_____|____/ |_|   |_|   |_____|_| \_|____/___|_| \_|\____|
                                                                                

TEST PENDING: Envio De Suma Exitosa
---------------------------------------------------------------------------------
]]></system-err>
</testsuite>
